Arguments: 
  C:\Program Files\nodejs\node.exe C:\Program Files (x86)\Yarn\bin\yarn.js add method-overidde

PATH: 
  C:\Program Files (x86)\Common Files\Intel\Shared Libraries\redist\intel64\compiler;C:\Windows\system32;C:\Windows;C:\Windows\System32\Wbem;C:\Windows\System32\WindowsPowerShell\v1.0\;C:\Program Files (x86)\NVIDIA Corporation\PhysX\Common;C:\WINDOWS\system32;C:\WINDOWS;C:\WINDOWS\System32\Wbem;C:\WINDOWS\System32\WindowsPowerShell\v1.0\;C:\WINDOWS\System32\OpenSSH\;C:\Program Files\nodejs\;C:\Program Files\Git\cmd;C:\xampp\php;C:\ProgramData\ComposerSetup\bin;C:\Program Files\Java\jdk-11.0.5\bin;C:\Program Files (x86)\Yarn\bin\;C:\Users\User\AppData\Local\Programs\Python\Python38\Scripts\;C:\Users\User\AppData\Local\Programs\Python\Python38\;C:\Users\User\AppData\Local\Microsoft\WindowsApps;C:\VSCode-win32-x64-1.32.3\bin;C:\Users\User\AppData\Local\Microsoft\WindowsApps;C:\Users\User\AppData\Roaming\npm;C:\Users\User\AppData\Roaming\Composer\vendor\bin;C:\Program Files\SQLite;C:\Program Files (x86)\MongoShell\bin;C:\Users\User\AppData\Local\Yarn\bin;C:\Program Files\heroku\bin;C:\Program Files\PostgreSQL\12\bin;C:\Program Files (x86)\GnuWin32\bin;

Yarn version: 
  1.21.1

Node version: 
  12.1.0

Platform: 
  win32 x64

Trace: 
  Error: https://registry.yarnpkg.com/method-overidde: Not found
      at Request.params.callback [as _callback] (C:\Program Files (x86)\Yarn\lib\cli.js:66056:18)
      at Request.self.callback (C:\Program Files (x86)\Yarn\lib\cli.js:140665:22)
      at Request.emit (events.js:196:13)
      at Request.<anonymous> (C:\Program Files (x86)\Yarn\lib\cli.js:141637:10)
      at Request.emit (events.js:196:13)
      at IncomingMessage.<anonymous> (C:\Program Files (x86)\Yarn\lib\cli.js:141559:12)
      at Object.onceWrapper (events.js:284:20)
      at IncomingMessage.emit (events.js:201:15)
      at endReadableNT (_stream_readable.js:1130:12)
      at processTicksAndRejections (internal/process/task_queues.js:84:17)

npm manifest: 
  {
    "name": "server-staycation",
    "version": "0.0.0",
    "private": true,
    "scripts": {
      "start": "node ./bin/www",
      "dev": "nodemon ./bin/www"
    },
    "dependencies": {
      "cookie-parser": "~1.4.4",
      "debug": "~2.6.9",
      "ejs": "~2.6.1",
      "express": "~4.16.1",
      "http-errors": "~1.6.3",
      "mongoose": "^5.10.5",
      "morgan": "~1.9.1",
      "startbootstrap-sb-admin-2": "^4.1.1"
    }
  }

yarn manifest: 
  No manifest

Lockfile: 
  No lockfile
